2013/09/19 17:41:42 [error] [exception.CException] exception 'CException' with message 'Property "RecentCommentsWidget.project_id" is not defined.' in /Applications/MAMP/htdocs/Yii/04.Le.Toan/simple_blog_yii/framework/base/CComponent.php:130
Stack trace:
#0 /Applications/MAMP/htdocs/Yii/04.Le.Toan/simple_blog_yii/protected/components/RecentCommentsWidget.php(8): CComponent->__get('project_id')
#1 /Applications/MAMP/htdocs/Yii/04.Le.Toan/simple_blog_yii/framework/web/CBaseController.php(147): RecentCommentsWidget->init()
#2 /Applications/MAMP/htdocs/Yii/04.Le.Toan/simple_blog_yii/framework/web/CBaseController.php(172): CBaseController->createWidget('RecentCommentsW...', Array)
#3 /Applications/MAMP/htdocs/Yii/04.Le.Toan/simple_blog_yii/protected/views/post/index.php(24): CBaseController->widget('RecentCommentsW...')
#4 /Applications/MAMP/htdocs/Yii/04.Le.Toan/simple_blog_yii/framework/web/CBaseController.php(126): require('/Applications/M...')
#5 /Applications/MAMP/htdocs/Yii/04.Le.Toan/simple_blog_yii/framework/web/CBaseController.php(95): CBaseController->renderInternal('/Applications/M...', Array, true)
#6 /Applications/MAMP/htdocs/Yii/04.Le.Toan/simple_blog_yii/framework/web/CController.php(869): CBaseController->renderFile('/Applications/M...', Array, true)
#7 /Applications/MAMP/htdocs/Yii/04.Le.Toan/simple_blog_yii/framework/web/CController.php(782): CController->renderPartial('index', Array, true)
#8 /Applications/MAMP/htdocs/Yii/04.Le.Toan/simple_blog_yii/protected/controllers/PostController.php(156): CController->render('index', Array)
#9 /Applications/MAMP/htdocs/Yii/04.Le.Toan/simple_blog_yii/framework/web/actions/CInlineAction.php(49): PostController->actionIndex()
#10 /Applications/MAMP/htdocs/Yii/04.Le.Toan/simple_blog_yii/framework/web/CController.php(308): CInlineAction->runWithParams(Array)
#11 /Applications/MAMP/htdocs/Yii/04.Le.Toan/simple_blog_yii/framework/web/filters/CFilterChain.php(133): CController->runAction(Object(CInlineAction))
#12 /Applications/MAMP/htdocs/Yii/04.Le.Toan/simple_blog_yii/framework/web/filters/CFilter.php(40): CFilterChain->run()
#13 /Applications/MAMP/htdocs/Yii/04.Le.Toan/simple_blog_yii/framework/web/CController.php(1145): CFilter->filter(Object(CFilterChain))
#14 /Applications/MAMP/htdocs/Yii/04.Le.Toan/simple_blog_yii/framework/web/filters/CInlineFilter.php(58): CController->filterAccessControl(Object(CFilterChain))
#15 /Applications/MAMP/htdocs/Yii/04.Le.Toan/simple_blog_yii/framework/web/filters/CFilterChain.php(130): CInlineFilter->filter(Object(CFilterChain))
#16 /Applications/MAMP/htdocs/Yii/04.Le.Toan/simple_blog_yii/framework/web/CController.php(291): CFilterChain->run()
#17 /Applications/MAMP/htdocs/Yii/04.Le.Toan/simple_blog_yii/framework/web/CController.php(265): CController->runActionWithFilters(Object(CInlineAction), Array)
#18 /Applications/MAMP/htdocs/Yii/04.Le.Toan/simple_blog_yii/framework/web/CWebApplication.php(282): CController->run('index')
#19 /Applications/MAMP/htdocs/Yii/04.Le.Toan/simple_blog_yii/framework/web/CWebApplication.php(141): CWebApplication->runController('post/index')
#20 /Applications/MAMP/htdocs/Yii/04.Le.Toan/simple_blog_yii/framework/base/CApplication.php(180): CWebApplication->processRequest()
#21 /Applications/MAMP/htdocs/Yii/04.Le.Toan/simple_blog_yii/index.php(11): CApplication->run()
#22 {main}
REQUEST_URI=/Yii/04.Le.Toan/simple_blog_yii/index.php?r=post/index
HTTP_REFERER=http://localhost:8888/Yii/04.Le.Toan/simple_blog_yii/index.php?r=post/view&id=3
---
2013/09/19 17:43:24 [error] [exception.CException] exception 'CException' with message 'Comment and its behaviors do not have a method or closure named "recent".' in /Applications/MAMP/htdocs/Yii/04.Le.Toan/simple_blog_yii/framework/base/CComponent.php:266
Stack trace:
#0 /Applications/MAMP/htdocs/Yii/04.Le.Toan/simple_blog_yii/framework/db/ar/CActiveRecord.php(227): CComponent->__call('recent', Array)
#1 /Applications/MAMP/htdocs/Yii/04.Le.Toan/simple_blog_yii/protected/components/RecentCommentsWidget.php(11): CActiveRecord->__call('recent', Array)
#2 /Applications/MAMP/htdocs/Yii/04.Le.Toan/simple_blog_yii/protected/components/RecentCommentsWidget.php(11): Comment->recent(5)
#3 /Applications/MAMP/htdocs/Yii/04.Le.Toan/simple_blog_yii/framework/web/CBaseController.php(147): RecentCommentsWidget->init()
#4 /Applications/MAMP/htdocs/Yii/04.Le.Toan/simple_blog_yii/framework/web/CBaseController.php(172): CBaseController->createWidget('RecentCommentsW...', Array)
#5 /Applications/MAMP/htdocs/Yii/04.Le.Toan/simple_blog_yii/protected/views/post/index.php(24): CBaseController->widget('RecentCommentsW...')
#6 /Applications/MAMP/htdocs/Yii/04.Le.Toan/simple_blog_yii/framework/web/CBaseController.php(126): require('/Applications/M...')
#7 /Applications/MAMP/htdocs/Yii/04.Le.Toan/simple_blog_yii/framework/web/CBaseController.php(95): CBaseController->renderInternal('/Applications/M...', Array, true)
#8 /Applications/MAMP/htdocs/Yii/04.Le.Toan/simple_blog_yii/framework/web/CController.php(869): CBaseController->renderFile('/Applications/M...', Array, true)
#9 /Applications/MAMP/htdocs/Yii/04.Le.Toan/simple_blog_yii/framework/web/CController.php(782): CController->renderPartial('index', Array, true)
#10 /Applications/MAMP/htdocs/Yii/04.Le.Toan/simple_blog_yii/protected/controllers/PostController.php(156): CController->render('index', Array)
#11 /Applications/MAMP/htdocs/Yii/04.Le.Toan/simple_blog_yii/framework/web/actions/CInlineAction.php(49): PostController->actionIndex()
#12 /Applications/MAMP/htdocs/Yii/04.Le.Toan/simple_blog_yii/framework/web/CController.php(308): CInlineAction->runWithParams(Array)
#13 /Applications/MAMP/htdocs/Yii/04.Le.Toan/simple_blog_yii/framework/web/filters/CFilterChain.php(133): CController->runAction(Object(CInlineAction))
#14 /Applications/MAMP/htdocs/Yii/04.Le.Toan/simple_blog_yii/framework/web/filters/CFilter.php(40): CFilterChain->run()
#15 /Applications/MAMP/htdocs/Yii/04.Le.Toan/simple_blog_yii/framework/web/CController.php(1145): CFilter->filter(Object(CFilterChain))
#16 /Applications/MAMP/htdocs/Yii/04.Le.Toan/simple_blog_yii/framework/web/filters/CInlineFilter.php(58): CController->filterAccessControl(Object(CFilterChain))
#17 /Applications/MAMP/htdocs/Yii/04.Le.Toan/simple_blog_yii/framework/web/filters/CFilterChain.php(130): CInlineFilter->filter(Object(CFilterChain))
#18 /Applications/MAMP/htdocs/Yii/04.Le.Toan/simple_blog_yii/framework/web/CController.php(291): CFilterChain->run()
#19 /Applications/MAMP/htdocs/Yii/04.Le.Toan/simple_blog_yii/framework/web/CController.php(265): CController->runActionWithFilters(Object(CInlineAction), Array)
#20 /Applications/MAMP/htdocs/Yii/04.Le.Toan/simple_blog_yii/framework/web/CWebApplication.php(282): CController->run('index')
#21 /Applications/MAMP/htdocs/Yii/04.Le.Toan/simple_blog_yii/framework/web/CWebApplication.php(141): CWebApplication->runController('post/index')
#22 /Applications/MAMP/htdocs/Yii/04.Le.Toan/simple_blog_yii/framework/base/CApplication.php(180): CWebApplication->processRequest()
#23 /Applications/MAMP/htdocs/Yii/04.Le.Toan/simple_blog_yii/index.php(11): CApplication->run()
#24 {main}
REQUEST_URI=/Yii/04.Le.Toan/simple_blog_yii/index.php?r=post/index
HTTP_REFERER=http://localhost:8888/Yii/04.Le.Toan/simple_blog_yii/index.php?r=post/view&id=3
---
2013/09/19 17:44:42 [error] [php] Trying to get property of non-object (/Applications/MAMP/htdocs/Yii/04.Le.Toan/simple_blog_yii/protected/components/views/recentCommentsWidget.php:5)
Stack trace:
#0 /Applications/MAMP/htdocs/Yii/04.Le.Toan/simple_blog_yii/framework/web/widgets/CWidget.php(244): RecentCommentsWidget->renderFile()
#1 /Applications/MAMP/htdocs/Yii/04.Le.Toan/simple_blog_yii/protected/components/RecentCommentsWidget.php(22): RecentCommentsWidget->render()
#2 /Applications/MAMP/htdocs/Yii/04.Le.Toan/simple_blog_yii/framework/web/CBaseController.php(173): RecentCommentsWidget->run()
#3 /Applications/MAMP/htdocs/Yii/04.Le.Toan/simple_blog_yii/protected/views/post/index.php(24): PostController->widget()
#4 /Applications/MAMP/htdocs/Yii/04.Le.Toan/simple_blog_yii/framework/web/CBaseController.php(126): require()
#5 /Applications/MAMP/htdocs/Yii/04.Le.Toan/simple_blog_yii/framework/web/CBaseController.php(95): PostController->renderInternal()
#6 /Applications/MAMP/htdocs/Yii/04.Le.Toan/simple_blog_yii/framework/web/CController.php(869): PostController->renderFile()
#7 /Applications/MAMP/htdocs/Yii/04.Le.Toan/simple_blog_yii/framework/web/CController.php(782): PostController->renderPartial()
#8 /Applications/MAMP/htdocs/Yii/04.Le.Toan/simple_blog_yii/protected/controllers/PostController.php(156): PostController->render()
#9 /Applications/MAMP/htdocs/Yii/04.Le.Toan/simple_blog_yii/framework/web/actions/CInlineAction.php(49): PostController->actionIndex()
#10 /Applications/MAMP/htdocs/Yii/04.Le.Toan/simple_blog_yii/framework/web/CController.php(308): CInlineAction->runWithParams()
#11 /Applications/MAMP/htdocs/Yii/04.Le.Toan/simple_blog_yii/framework/web/filters/CFilterChain.php(133): PostController->runAction()
#12 /Applications/MAMP/htdocs/Yii/04.Le.Toan/simple_blog_yii/framework/web/filters/CFilter.php(40): CFilterChain->run()
#13 /Applications/MAMP/htdocs/Yii/04.Le.Toan/simple_blog_yii/framework/web/CController.php(1145): CAccessControlFilter->filter()
#14 /Applications/MAMP/htdocs/Yii/04.Le.Toan/simple_blog_yii/framework/web/filters/CInlineFilter.php(58): PostController->filterAccessControl()
#15 /Applications/MAMP/htdocs/Yii/04.Le.Toan/simple_blog_yii/framework/web/filters/CFilterChain.php(130): CInlineFilter->filter()
#16 /Applications/MAMP/htdocs/Yii/04.Le.Toan/simple_blog_yii/framework/web/CController.php(291): CFilterChain->run()
#17 /Applications/MAMP/htdocs/Yii/04.Le.Toan/simple_blog_yii/framework/web/CController.php(265): PostController->runActionWithFilters()
#18 /Applications/MAMP/htdocs/Yii/04.Le.Toan/simple_blog_yii/framework/web/CWebApplication.php(282): PostController->run()
#19 /Applications/MAMP/htdocs/Yii/04.Le.Toan/simple_blog_yii/framework/web/CWebApplication.php(141): CWebApplication->runController()
#20 /Applications/MAMP/htdocs/Yii/04.Le.Toan/simple_blog_yii/framework/base/CApplication.php(180): CWebApplication->processRequest()
#21 /Applications/MAMP/htdocs/Yii/04.Le.Toan/simple_blog_yii/index.php(11): CWebApplication->run()
REQUEST_URI=/Yii/04.Le.Toan/simple_blog_yii/index.php?r=post/index
in /Applications/MAMP/htdocs/Yii/04.Le.Toan/simple_blog_yii/protected/components/views/recentCommentsWidget.php (5)
in /Applications/MAMP/htdocs/Yii/04.Le.Toan/simple_blog_yii/protected/components/RecentCommentsWidget.php (22)
in /Applications/MAMP/htdocs/Yii/04.Le.Toan/simple_blog_yii/protected/views/post/index.php (24)
2013/09/19 17:45:37 [error] [exception.CException] exception 'CException' with message 'Property "Comment.issue" is not defined.' in /Applications/MAMP/htdocs/Yii/04.Le.Toan/simple_blog_yii/framework/base/CComponent.php:130
Stack trace:
#0 /Applications/MAMP/htdocs/Yii/04.Le.Toan/simple_blog_yii/framework/db/ar/CActiveRecord.php(145): CComponent->__get('issue')
#1 /Applications/MAMP/htdocs/Yii/04.Le.Toan/simple_blog_yii/protected/components/views/recentCommentsWidget.php(9): CActiveRecord->__get('issue')
#2 /Applications/MAMP/htdocs/Yii/04.Le.Toan/simple_blog_yii/framework/web/CBaseController.php(130): require('/Applications/M...')
#3 /Applications/MAMP/htdocs/Yii/04.Le.Toan/simple_blog_yii/framework/web/CBaseController.php(95): CBaseController->renderInternal('/Applications/M...', NULL, false)
#4 /Applications/MAMP/htdocs/Yii/04.Le.Toan/simple_blog_yii/framework/web/widgets/CWidget.php(244): CBaseController->renderFile('/Applications/M...', NULL, false)
#5 /Applications/MAMP/htdocs/Yii/04.Le.Toan/simple_blog_yii/protected/components/RecentCommentsWidget.php(22): CWidget->render('recentCommentsW...')
#6 /Applications/MAMP/htdocs/Yii/04.Le.Toan/simple_blog_yii/framework/web/CBaseController.php(173): RecentCommentsWidget->run()
#7 /Applications/MAMP/htdocs/Yii/04.Le.Toan/simple_blog_yii/protected/views/post/index.php(24): CBaseController->widget('RecentCommentsW...')
#8 /Applications/MAMP/htdocs/Yii/04.Le.Toan/simple_blog_yii/framework/web/CBaseController.php(126): require('/Applications/M...')
#9 /Applications/MAMP/htdocs/Yii/04.Le.Toan/simple_blog_yii/framework/web/CBaseController.php(95): CBaseController->renderInternal('/Applications/M...', Array, true)
#10 /Applications/MAMP/htdocs/Yii/04.Le.Toan/simple_blog_yii/framework/web/CController.php(869): CBaseController->renderFile('/Applications/M...', Array, true)
#11 /Applications/MAMP/htdocs/Yii/04.Le.Toan/simple_blog_yii/framework/web/CController.php(782): CController->renderPartial('index', Array, true)
#12 /Applications/MAMP/htdocs/Yii/04.Le.Toan/simple_blog_yii/protected/controllers/PostController.php(156): CController->render('index', Array)
#13 /Applications/MAMP/htdocs/Yii/04.Le.Toan/simple_blog_yii/framework/web/actions/CInlineAction.php(49): PostController->actionIndex()
#14 /Applications/MAMP/htdocs/Yii/04.Le.Toan/simple_blog_yii/framework/web/CController.php(308): CInlineAction->runWithParams(Array)
#15 /Applications/MAMP/htdocs/Yii/04.Le.Toan/simple_blog_yii/framework/web/filters/CFilterChain.php(133): CController->runAction(Object(CInlineAction))
#16 /Applications/MAMP/htdocs/Yii/04.Le.Toan/simple_blog_yii/framework/web/filters/CFilter.php(40): CFilterChain->run()
#17 /Applications/MAMP/htdocs/Yii/04.Le.Toan/simple_blog_yii/framework/web/CController.php(1145): CFilter->filter(Object(CFilterChain))
#18 /Applications/MAMP/htdocs/Yii/04.Le.Toan/simple_blog_yii/framework/web/filters/CInlineFilter.php(58): CController->filterAccessControl(Object(CFilterChain))
#19 /Applications/MAMP/htdocs/Yii/04.Le.Toan/simple_blog_yii/framework/web/filters/CFilterChain.php(130): CInlineFilter->filter(Object(CFilterChain))
#20 /Applications/MAMP/htdocs/Yii/04.Le.Toan/simple_blog_yii/framework/web/CController.php(291): CFilterChain->run()
#21 /Applications/MAMP/htdocs/Yii/04.Le.Toan/simple_blog_yii/framework/web/CController.php(265): CController->runActionWithFilters(Object(CInlineAction), Array)
#22 /Applications/MAMP/htdocs/Yii/04.Le.Toan/simple_blog_yii/framework/web/CWebApplication.php(282): CController->run('index')
#23 /Applications/MAMP/htdocs/Yii/04.Le.Toan/simple_blog_yii/framework/web/CWebApplication.php(141): CWebApplication->runController('post/index')
#24 /Applications/MAMP/htdocs/Yii/04.Le.Toan/simple_blog_yii/framework/base/CApplication.php(180): CWebApplication->processRequest()
#25 /Applications/MAMP/htdocs/Yii/04.Le.Toan/simple_blog_yii/index.php(11): CApplication->run()
#26 {main}
REQUEST_URI=/Yii/04.Le.Toan/simple_blog_yii/index.php?r=post/index
HTTP_REFERER=http://localhost:8888/Yii/04.Le.Toan/simple_blog_yii/index.php?r=post/view&id=3
---
2013/09/19 17:45:52 [error] [php] Trying to get property of non-object (/Applications/MAMP/htdocs/Yii/04.Le.Toan/simple_blog_yii/protected/components/views/recentCommentsWidget.php:5)
Stack trace:
#0 /Applications/MAMP/htdocs/Yii/04.Le.Toan/simple_blog_yii/framework/web/widgets/CWidget.php(244): RecentCommentsWidget->renderFile()
#1 /Applications/MAMP/htdocs/Yii/04.Le.Toan/simple_blog_yii/protected/components/RecentCommentsWidget.php(22): RecentCommentsWidget->render()
#2 /Applications/MAMP/htdocs/Yii/04.Le.Toan/simple_blog_yii/framework/web/CBaseController.php(173): RecentCommentsWidget->run()
#3 /Applications/MAMP/htdocs/Yii/04.Le.Toan/simple_blog_yii/protected/views/post/index.php(24): PostController->widget()
#4 /Applications/MAMP/htdocs/Yii/04.Le.Toan/simple_blog_yii/framework/web/CBaseController.php(126): require()
#5 /Applications/MAMP/htdocs/Yii/04.Le.Toan/simple_blog_yii/framework/web/CBaseController.php(95): PostController->renderInternal()
#6 /Applications/MAMP/htdocs/Yii/04.Le.Toan/simple_blog_yii/framework/web/CController.php(869): PostController->renderFile()
#7 /Applications/MAMP/htdocs/Yii/04.Le.Toan/simple_blog_yii/framework/web/CController.php(782): PostController->renderPartial()
#8 /Applications/MAMP/htdocs/Yii/04.Le.Toan/simple_blog_yii/protected/controllers/PostController.php(156): PostController->render()
#9 /Applications/MAMP/htdocs/Yii/04.Le.Toan/simple_blog_yii/framework/web/actions/CInlineAction.php(49): PostController->actionIndex()
#10 /Applications/MAMP/htdocs/Yii/04.Le.Toan/simple_blog_yii/framework/web/CController.php(308): CInlineAction->runWithParams()
#11 /Applications/MAMP/htdocs/Yii/04.Le.Toan/simple_blog_yii/framework/web/filters/CFilterChain.php(133): PostController->runAction()
#12 /Applications/MAMP/htdocs/Yii/04.Le.Toan/simple_blog_yii/framework/web/filters/CFilter.php(40): CFilterChain->run()
#13 /Applications/MAMP/htdocs/Yii/04.Le.Toan/simple_blog_yii/framework/web/CController.php(1145): CAccessControlFilter->filter()
#14 /Applications/MAMP/htdocs/Yii/04.Le.Toan/simple_blog_yii/framework/web/filters/CInlineFilter.php(58): PostController->filterAccessControl()
#15 /Applications/MAMP/htdocs/Yii/04.Le.Toan/simple_blog_yii/framework/web/filters/CFilterChain.php(130): CInlineFilter->filter()
#16 /Applications/MAMP/htdocs/Yii/04.Le.Toan/simple_blog_yii/framework/web/CController.php(291): CFilterChain->run()
#17 /Applications/MAMP/htdocs/Yii/04.Le.Toan/simple_blog_yii/framework/web/CController.php(265): PostController->runActionWithFilters()
#18 /Applications/MAMP/htdocs/Yii/04.Le.Toan/simple_blog_yii/framework/web/CWebApplication.php(282): PostController->run()
#19 /Applications/MAMP/htdocs/Yii/04.Le.Toan/simple_blog_yii/framework/web/CWebApplication.php(141): CWebApplication->runController()
#20 /Applications/MAMP/htdocs/Yii/04.Le.Toan/simple_blog_yii/framework/base/CApplication.php(180): CWebApplication->processRequest()
#21 /Applications/MAMP/htdocs/Yii/04.Le.Toan/simple_blog_yii/index.php(11): CWebApplication->run()
REQUEST_URI=/Yii/04.Le.Toan/simple_blog_yii/index.php?r=post/index
in /Applications/MAMP/htdocs/Yii/04.Le.Toan/simple_blog_yii/protected/components/views/recentCommentsWidget.php (5)
in /Applications/MAMP/htdocs/Yii/04.Le.Toan/simple_blog_yii/protected/components/RecentCommentsWidget.php (22)
in /Applications/MAMP/htdocs/Yii/04.Le.Toan/simple_blog_yii/protected/views/post/index.php (24)
2013/09/19 17:45:53 [error] [php] Trying to get property of non-object (/Applications/MAMP/htdocs/Yii/04.Le.Toan/simple_blog_yii/protected/components/views/recentCommentsWidget.php:5)
Stack trace:
#0 /Applications/MAMP/htdocs/Yii/04.Le.Toan/simple_blog_yii/framework/web/widgets/CWidget.php(244): RecentCommentsWidget->renderFile()
#1 /Applications/MAMP/htdocs/Yii/04.Le.Toan/simple_blog_yii/protected/components/RecentCommentsWidget.php(22): RecentCommentsWidget->render()
#2 /Applications/MAMP/htdocs/Yii/04.Le.Toan/simple_blog_yii/framework/web/CBaseController.php(173): RecentCommentsWidget->run()
#3 /Applications/MAMP/htdocs/Yii/04.Le.Toan/simple_blog_yii/protected/views/post/index.php(24): PostController->widget()
#4 /Applications/MAMP/htdocs/Yii/04.Le.Toan/simple_blog_yii/framework/web/CBaseController.php(126): require()
#5 /Applications/MAMP/htdocs/Yii/04.Le.Toan/simple_blog_yii/framework/web/CBaseController.php(95): PostController->renderInternal()
#6 /Applications/MAMP/htdocs/Yii/04.Le.Toan/simple_blog_yii/framework/web/CController.php(869): PostController->renderFile()
#7 /Applications/MAMP/htdocs/Yii/04.Le.Toan/simple_blog_yii/framework/web/CController.php(782): PostController->renderPartial()
#8 /Applications/MAMP/htdocs/Yii/04.Le.Toan/simple_blog_yii/protected/controllers/PostController.php(156): PostController->render()
#9 /Applications/MAMP/htdocs/Yii/04.Le.Toan/simple_blog_yii/framework/web/actions/CInlineAction.php(49): PostController->actionIndex()
#10 /Applications/MAMP/htdocs/Yii/04.Le.Toan/simple_blog_yii/framework/web/CController.php(308): CInlineAction->runWithParams()
#11 /Applications/MAMP/htdocs/Yii/04.Le.Toan/simple_blog_yii/framework/web/filters/CFilterChain.php(133): PostController->runAction()
#12 /Applications/MAMP/htdocs/Yii/04.Le.Toan/simple_blog_yii/framework/web/filters/CFilter.php(40): CFilterChain->run()
#13 /Applications/MAMP/htdocs/Yii/04.Le.Toan/simple_blog_yii/framework/web/CController.php(1145): CAccessControlFilter->filter()
#14 /Applications/MAMP/htdocs/Yii/04.Le.Toan/simple_blog_yii/framework/web/filters/CInlineFilter.php(58): PostController->filterAccessControl()
#15 /Applications/MAMP/htdocs/Yii/04.Le.Toan/simple_blog_yii/framework/web/filters/CFilterChain.php(130): CInlineFilter->filter()
#16 /Applications/MAMP/htdocs/Yii/04.Le.Toan/simple_blog_yii/framework/web/CController.php(291): CFilterChain->run()
#17 /Applications/MAMP/htdocs/Yii/04.Le.Toan/simple_blog_yii/framework/web/CController.php(265): PostController->runActionWithFilters()
#18 /Applications/MAMP/htdocs/Yii/04.Le.Toan/simple_blog_yii/framework/web/CWebApplication.php(282): PostController->run()
#19 /Applications/MAMP/htdocs/Yii/04.Le.Toan/simple_blog_yii/framework/web/CWebApplication.php(141): CWebApplication->runController()
#20 /Applications/MAMP/htdocs/Yii/04.Le.Toan/simple_blog_yii/framework/base/CApplication.php(180): CWebApplication->processRequest()
#21 /Applications/MAMP/htdocs/Yii/04.Le.Toan/simple_blog_yii/index.php(11): CWebApplication->run()
REQUEST_URI=/Yii/04.Le.Toan/simple_blog_yii/index.php?r=post/index
in /Applications/MAMP/htdocs/Yii/04.Le.Toan/simple_blog_yii/protected/components/views/recentCommentsWidget.php (5)
in /Applications/MAMP/htdocs/Yii/04.Le.Toan/simple_blog_yii/protected/components/RecentCommentsWidget.php (22)
in /Applications/MAMP/htdocs/Yii/04.Le.Toan/simple_blog_yii/protected/views/post/index.php (24)
2013/09/19 17:45:56 [error] [php] Trying to get property of non-object (/Applications/MAMP/htdocs/Yii/04.Le.Toan/simple_blog_yii/protected/components/views/recentCommentsWidget.php:5)
Stack trace:
#0 /Applications/MAMP/htdocs/Yii/04.Le.Toan/simple_blog_yii/framework/web/widgets/CWidget.php(244): RecentCommentsWidget->renderFile()
#1 /Applications/MAMP/htdocs/Yii/04.Le.Toan/simple_blog_yii/protected/components/RecentCommentsWidget.php(22): RecentCommentsWidget->render()
#2 /Applications/MAMP/htdocs/Yii/04.Le.Toan/simple_blog_yii/framework/web/CBaseController.php(173): RecentCommentsWidget->run()
#3 /Applications/MAMP/htdocs/Yii/04.Le.Toan/simple_blog_yii/protected/views/post/index.php(24): PostController->widget()
#4 /Applications/MAMP/htdocs/Yii/04.Le.Toan/simple_blog_yii/framework/web/CBaseController.php(126): require()
#5 /Applications/MAMP/htdocs/Yii/04.Le.Toan/simple_blog_yii/framework/web/CBaseController.php(95): PostController->renderInternal()
#6 /Applications/MAMP/htdocs/Yii/04.Le.Toan/simple_blog_yii/framework/web/CController.php(869): PostController->renderFile()
#7 /Applications/MAMP/htdocs/Yii/04.Le.Toan/simple_blog_yii/framework/web/CController.php(782): PostController->renderPartial()
#8 /Applications/MAMP/htdocs/Yii/04.Le.Toan/simple_blog_yii/protected/controllers/PostController.php(156): PostController->render()
#9 /Applications/MAMP/htdocs/Yii/04.Le.Toan/simple_blog_yii/framework/web/actions/CInlineAction.php(49): PostController->actionIndex()
#10 /Applications/MAMP/htdocs/Yii/04.Le.Toan/simple_blog_yii/framework/web/CController.php(308): CInlineAction->runWithParams()
#11 /Applications/MAMP/htdocs/Yii/04.Le.Toan/simple_blog_yii/framework/web/filters/CFilterChain.php(133): PostController->runAction()
#12 /Applications/MAMP/htdocs/Yii/04.Le.Toan/simple_blog_yii/framework/web/filters/CFilter.php(40): CFilterChain->run()
#13 /Applications/MAMP/htdocs/Yii/04.Le.Toan/simple_blog_yii/framework/web/CController.php(1145): CAccessControlFilter->filter()
#14 /Applications/MAMP/htdocs/Yii/04.Le.Toan/simple_blog_yii/framework/web/filters/CInlineFilter.php(58): PostController->filterAccessControl()
#15 /Applications/MAMP/htdocs/Yii/04.Le.Toan/simple_blog_yii/framework/web/filters/CFilterChain.php(130): CInlineFilter->filter()
#16 /Applications/MAMP/htdocs/Yii/04.Le.Toan/simple_blog_yii/framework/web/CController.php(291): CFilterChain->run()
#17 /Applications/MAMP/htdocs/Yii/04.Le.Toan/simple_blog_yii/framework/web/CController.php(265): PostController->runActionWithFilters()
#18 /Applications/MAMP/htdocs/Yii/04.Le.Toan/simple_blog_yii/framework/web/CWebApplication.php(282): PostController->run()
#19 /Applications/MAMP/htdocs/Yii/04.Le.Toan/simple_blog_yii/framework/web/CWebApplication.php(141): CWebApplication->runController()
#20 /Applications/MAMP/htdocs/Yii/04.Le.Toan/simple_blog_yii/framework/base/CApplication.php(180): CWebApplication->processRequest()
#21 /Applications/MAMP/htdocs/Yii/04.Le.Toan/simple_blog_yii/index.php(11): CWebApplication->run()
REQUEST_URI=/Yii/04.Le.Toan/simple_blog_yii/index.php?r=post/index
in /Applications/MAMP/htdocs/Yii/04.Le.Toan/simple_blog_yii/protected/components/views/recentCommentsWidget.php (5)
in /Applications/MAMP/htdocs/Yii/04.Le.Toan/simple_blog_yii/protected/components/RecentCommentsWidget.php (22)
in /Applications/MAMP/htdocs/Yii/04.Le.Toan/simple_blog_yii/protected/views/post/index.php (24)
2013/09/19 17:46:01 [error] [exception.CException] exception 'CException' with message 'Property "Post.name" is not defined.' in /Applications/MAMP/htdocs/Yii/04.Le.Toan/simple_blog_yii/framework/base/CComponent.php:130
Stack trace:
#0 /Applications/MAMP/htdocs/Yii/04.Le.Toan/simple_blog_yii/framework/db/ar/CActiveRecord.php(145): CComponent->__get('name')
#1 /Applications/MAMP/htdocs/Yii/04.Le.Toan/simple_blog_yii/protected/components/views/recentCommentsWidget.php(9): CActiveRecord->__get('name')
#2 /Applications/MAMP/htdocs/Yii/04.Le.Toan/simple_blog_yii/framework/web/CBaseController.php(130): require('/Applications/M...')
#3 /Applications/MAMP/htdocs/Yii/04.Le.Toan/simple_blog_yii/framework/web/CBaseController.php(95): CBaseController->renderInternal('/Applications/M...', NULL, false)
#4 /Applications/MAMP/htdocs/Yii/04.Le.Toan/simple_blog_yii/framework/web/widgets/CWidget.php(244): CBaseController->renderFile('/Applications/M...', NULL, false)
#5 /Applications/MAMP/htdocs/Yii/04.Le.Toan/simple_blog_yii/protected/components/RecentCommentsWidget.php(22): CWidget->render('recentCommentsW...')
#6 /Applications/MAMP/htdocs/Yii/04.Le.Toan/simple_blog_yii/framework/web/CBaseController.php(173): RecentCommentsWidget->run()
#7 /Applications/MAMP/htdocs/Yii/04.Le.Toan/simple_blog_yii/protected/views/post/index.php(24): CBaseController->widget('RecentCommentsW...')
#8 /Applications/MAMP/htdocs/Yii/04.Le.Toan/simple_blog_yii/framework/web/CBaseController.php(126): require('/Applications/M...')
#9 /Applications/MAMP/htdocs/Yii/04.Le.Toan/simple_blog_yii/framework/web/CBaseController.php(95): CBaseController->renderInternal('/Applications/M...', Array, true)
#10 /Applications/MAMP/htdocs/Yii/04.Le.Toan/simple_blog_yii/framework/web/CController.php(869): CBaseController->renderFile('/Applications/M...', Array, true)
#11 /Applications/MAMP/htdocs/Yii/04.Le.Toan/simple_blog_yii/framework/web/CController.php(782): CController->renderPartial('index', Array, true)
#12 /Applications/MAMP/htdocs/Yii/04.Le.Toan/simple_blog_yii/protected/controllers/PostController.php(156): CController->render('index', Array)
#13 /Applications/MAMP/htdocs/Yii/04.Le.Toan/simple_blog_yii/framework/web/actions/CInlineAction.php(49): PostController->actionIndex()
#14 /Applications/MAMP/htdocs/Yii/04.Le.Toan/simple_blog_yii/framework/web/CController.php(308): CInlineAction->runWithParams(Array)
#15 /Applications/MAMP/htdocs/Yii/04.Le.Toan/simple_blog_yii/framework/web/filters/CFilterChain.php(133): CController->runAction(Object(CInlineAction))
#16 /Applications/MAMP/htdocs/Yii/04.Le.Toan/simple_blog_yii/framework/web/filters/CFilter.php(40): CFilterChain->run()
#17 /Applications/MAMP/htdocs/Yii/04.Le.Toan/simple_blog_yii/framework/web/CController.php(1145): CFilter->filter(Object(CFilterChain))
#18 /Applications/MAMP/htdocs/Yii/04.Le.Toan/simple_blog_yii/framework/web/filters/CInlineFilter.php(58): CController->filterAccessControl(Object(CFilterChain))
#19 /Applications/MAMP/htdocs/Yii/04.Le.Toan/simple_blog_yii/framework/web/filters/CFilterChain.php(130): CInlineFilter->filter(Object(CFilterChain))
#20 /Applications/MAMP/htdocs/Yii/04.Le.Toan/simple_blog_yii/framework/web/CController.php(291): CFilterChain->run()
#21 /Applications/MAMP/htdocs/Yii/04.Le.Toan/simple_blog_yii/framework/web/CController.php(265): CController->runActionWithFilters(Object(CInlineAction), Array)
#22 /Applications/MAMP/htdocs/Yii/04.Le.Toan/simple_blog_yii/framework/web/CWebApplication.php(282): CController->run('index')
#23 /Applications/MAMP/htdocs/Yii/04.Le.Toan/simple_blog_yii/framework/web/CWebApplication.php(141): CWebApplication->runController('post/index')
#24 /Applications/MAMP/htdocs/Yii/04.Le.Toan/simple_blog_yii/framework/base/CApplication.php(180): CWebApplication->processRequest()
#25 /Applications/MAMP/htdocs/Yii/04.Le.Toan/simple_blog_yii/index.php(11): CApplication->run()
#26 {main}
REQUEST_URI=/Yii/04.Le.Toan/simple_blog_yii/index.php?r=post/index
HTTP_REFERER=http://localhost:8888/Yii/04.Le.Toan/simple_blog_yii/index.php?r=post/view&id=3
---
2013/09/19 17:46:41 [error] [php] Trying to get property of non-object (/Applications/MAMP/htdocs/Yii/04.Le.Toan/simple_blog_yii/protected/components/views/recentCommentsWidget.php:6)
Stack trace:
#0 /Applications/MAMP/htdocs/Yii/04.Le.Toan/simple_blog_yii/framework/web/widgets/CWidget.php(244): RecentCommentsWidget->renderFile()
#1 /Applications/MAMP/htdocs/Yii/04.Le.Toan/simple_blog_yii/protected/components/RecentCommentsWidget.php(22): RecentCommentsWidget->render()
#2 /Applications/MAMP/htdocs/Yii/04.Le.Toan/simple_blog_yii/framework/web/CBaseController.php(173): RecentCommentsWidget->run()
#3 /Applications/MAMP/htdocs/Yii/04.Le.Toan/simple_blog_yii/protected/views/post/index.php(24): PostController->widget()
#4 /Applications/MAMP/htdocs/Yii/04.Le.Toan/simple_blog_yii/framework/web/CBaseController.php(126): require()
#5 /Applications/MAMP/htdocs/Yii/04.Le.Toan/simple_blog_yii/framework/web/CBaseController.php(95): PostController->renderInternal()
#6 /Applications/MAMP/htdocs/Yii/04.Le.Toan/simple_blog_yii/framework/web/CController.php(869): PostController->renderFile()
#7 /Applications/MAMP/htdocs/Yii/04.Le.Toan/simple_blog_yii/framework/web/CController.php(782): PostController->renderPartial()
#8 /Applications/MAMP/htdocs/Yii/04.Le.Toan/simple_blog_yii/protected/controllers/PostController.php(156): PostController->render()
#9 /Applications/MAMP/htdocs/Yii/04.Le.Toan/simple_blog_yii/framework/web/actions/CInlineAction.php(49): PostController->actionIndex()
#10 /Applications/MAMP/htdocs/Yii/04.Le.Toan/simple_blog_yii/framework/web/CController.php(308): CInlineAction->runWithParams()
#11 /Applications/MAMP/htdocs/Yii/04.Le.Toan/simple_blog_yii/framework/web/filters/CFilterChain.php(133): PostController->runAction()
#12 /Applications/MAMP/htdocs/Yii/04.Le.Toan/simple_blog_yii/framework/web/filters/CFilter.php(40): CFilterChain->run()
#13 /Applications/MAMP/htdocs/Yii/04.Le.Toan/simple_blog_yii/framework/web/CController.php(1145): CAccessControlFilter->filter()
#14 /Applications/MAMP/htdocs/Yii/04.Le.Toan/simple_blog_yii/framework/web/filters/CInlineFilter.php(58): PostController->filterAccessControl()
#15 /Applications/MAMP/htdocs/Yii/04.Le.Toan/simple_blog_yii/framework/web/filters/CFilterChain.php(130): CInlineFilter->filter()
#16 /Applications/MAMP/htdocs/Yii/04.Le.Toan/simple_blog_yii/framework/web/CController.php(291): CFilterChain->run()
#17 /Applications/MAMP/htdocs/Yii/04.Le.Toan/simple_blog_yii/framework/web/CController.php(265): PostController->runActionWithFilters()
#18 /Applications/MAMP/htdocs/Yii/04.Le.Toan/simple_blog_yii/framework/web/CWebApplication.php(282): PostController->run()
#19 /Applications/MAMP/htdocs/Yii/04.Le.Toan/simple_blog_yii/framework/web/CWebApplication.php(141): CWebApplication->runController()
#20 /Applications/MAMP/htdocs/Yii/04.Le.Toan/simple_blog_yii/framework/base/CApplication.php(180): CWebApplication->processRequest()
#21 /Applications/MAMP/htdocs/Yii/04.Le.Toan/simple_blog_yii/index.php(11): CWebApplication->run()
REQUEST_URI=/Yii/04.Le.Toan/simple_blog_yii/index.php?r=post/index
in /Applications/MAMP/htdocs/Yii/04.Le.Toan/simple_blog_yii/protected/components/views/recentCommentsWidget.php (6)
in /Applications/MAMP/htdocs/Yii/04.Le.Toan/simple_blog_yii/protected/components/RecentCommentsWidget.php (22)
in /Applications/MAMP/htdocs/Yii/04.Le.Toan/simple_blog_yii/protected/views/post/index.php (24)
2013/09/19 17:48:01 [error] [exception.CException] exception 'CException' with message 'Property "User.name" is not defined.' in /Applications/MAMP/htdocs/Yii/04.Le.Toan/simple_blog_yii/framework/base/CComponent.php:130
Stack trace:
#0 /Applications/MAMP/htdocs/Yii/04.Le.Toan/simple_blog_yii/framework/db/ar/CActiveRecord.php(145): CComponent->__get('name')
#1 /Applications/MAMP/htdocs/Yii/04.Le.Toan/simple_blog_yii/protected/components/views/recentCommentsWidget.php(6): CActiveRecord->__get('name')
#2 /Applications/MAMP/htdocs/Yii/04.Le.Toan/simple_blog_yii/framework/web/CBaseController.php(130): require('/Applications/M...')
#3 /Applications/MAMP/htdocs/Yii/04.Le.Toan/simple_blog_yii/framework/web/CBaseController.php(95): CBaseController->renderInternal('/Applications/M...', NULL, false)
#4 /Applications/MAMP/htdocs/Yii/04.Le.Toan/simple_blog_yii/framework/web/widgets/CWidget.php(244): CBaseController->renderFile('/Applications/M...', NULL, false)
#5 /Applications/MAMP/htdocs/Yii/04.Le.Toan/simple_blog_yii/protected/components/RecentCommentsWidget.php(22): CWidget->render('recentCommentsW...')
#6 /Applications/MAMP/htdocs/Yii/04.Le.Toan/simple_blog_yii/framework/web/CBaseController.php(173): RecentCommentsWidget->run()
#7 /Applications/MAMP/htdocs/Yii/04.Le.Toan/simple_blog_yii/protected/views/post/index.php(24): CBaseController->widget('RecentCommentsW...')
#8 /Applications/MAMP/htdocs/Yii/04.Le.Toan/simple_blog_yii/framework/web/CBaseController.php(126): require('/Applications/M...')
#9 /Applications/MAMP/htdocs/Yii/04.Le.Toan/simple_blog_yii/framework/web/CBaseController.php(95): CBaseController->renderInternal('/Applications/M...', Array, true)
#10 /Applications/MAMP/htdocs/Yii/04.Le.Toan/simple_blog_yii/framework/web/CController.php(869): CBaseController->renderFile('/Applications/M...', Array, true)
#11 /Applications/MAMP/htdocs/Yii/04.Le.Toan/simple_blog_yii/framework/web/CController.php(782): CController->renderPartial('index', Array, true)
#12 /Applications/MAMP/htdocs/Yii/04.Le.Toan/simple_blog_yii/protected/controllers/PostController.php(156): CController->render('index', Array)
#13 /Applications/MAMP/htdocs/Yii/04.Le.Toan/simple_blog_yii/framework/web/actions/CInlineAction.php(49): PostController->actionIndex()
#14 /Applications/MAMP/htdocs/Yii/04.Le.Toan/simple_blog_yii/framework/web/CController.php(308): CInlineAction->runWithParams(Array)
#15 /Applications/MAMP/htdocs/Yii/04.Le.Toan/simple_blog_yii/framework/web/filters/CFilterChain.php(133): CController->runAction(Object(CInlineAction))
#16 /Applications/MAMP/htdocs/Yii/04.Le.Toan/simple_blog_yii/framework/web/filters/CFilter.php(40): CFilterChain->run()
#17 /Applications/MAMP/htdocs/Yii/04.Le.Toan/simple_blog_yii/framework/web/CController.php(1145): CFilter->filter(Object(CFilterChain))
#18 /Applications/MAMP/htdocs/Yii/04.Le.Toan/simple_blog_yii/framework/web/filters/CInlineFilter.php(58): CController->filterAccessControl(Object(CFilterChain))
#19 /Applications/MAMP/htdocs/Yii/04.Le.Toan/simple_blog_yii/framework/web/filters/CFilterChain.php(130): CInlineFilter->filter(Object(CFilterChain))
#20 /Applications/MAMP/htdocs/Yii/04.Le.Toan/simple_blog_yii/framework/web/CController.php(291): CFilterChain->run()
#21 /Applications/MAMP/htdocs/Yii/04.Le.Toan/simple_blog_yii/framework/web/CController.php(265): CController->runActionWithFilters(Object(CInlineAction), Array)
#22 /Applications/MAMP/htdocs/Yii/04.Le.Toan/simple_blog_yii/framework/web/CWebApplication.php(282): CController->run('index')
#23 /Applications/MAMP/htdocs/Yii/04.Le.Toan/simple_blog_yii/framework/web/CWebApplication.php(141): CWebApplication->runController('post/index')
#24 /Applications/MAMP/htdocs/Yii/04.Le.Toan/simple_blog_yii/framework/base/CApplication.php(180): CWebApplication->processRequest()
#25 /Applications/MAMP/htdocs/Yii/04.Le.Toan/simple_blog_yii/index.php(11): CApplication->run()
#26 {main}
REQUEST_URI=/Yii/04.Le.Toan/simple_blog_yii/index.php?r=post/index
HTTP_REFERER=http://localhost:8888/Yii/04.Le.Toan/simple_blog_yii/index.php?r=post/view&id=3
---
2013/09/19 17:48:30 [error] [exception.CHttpException.404] exception 'CHttpException' with message 'Unable to resolve the request "issue/view".' in /Applications/MAMP/htdocs/Yii/04.Le.Toan/simple_blog_yii/framework/web/CWebApplication.php:286
Stack trace:
#0 /Applications/MAMP/htdocs/Yii/04.Le.Toan/simple_blog_yii/framework/web/CWebApplication.php(141): CWebApplication->runController('issue/view')
#1 /Applications/MAMP/htdocs/Yii/04.Le.Toan/simple_blog_yii/framework/base/CApplication.php(180): CWebApplication->processRequest()
#2 /Applications/MAMP/htdocs/Yii/04.Le.Toan/simple_blog_yii/index.php(11): CApplication->run()
#3 {main}
REQUEST_URI=/Yii/04.Le.Toan/simple_blog_yii/index.php?r=issue/view&id=3
HTTP_REFERER=http://localhost:8888/Yii/04.Le.Toan/simple_blog_yii/index.php?r=post/index
---
